<?xml version="1.0" encoding="UTF-8"?>
<!-- Generated by org.testng.reporters.JUnitReportReporter -->
<testsuite hostname="TYSS-4F-049" name="Script.TestLoginPage" tests="1" failures="0" timestamp="10 Jul 2018 04:37:42 GMT" time="25.200" errors="0">
  <testcase name="TestLogin" time="25.200" classname="Script.TestLoginPage"/>
</testsuite> <!-- Script.TestLoginPage -->
